<?xml version="1.0" encoding="UTF-8"?>
<testsuite xmlns:xsi="http://www.w3.org/2001/XMLSchema-instance" xsi:noNamespaceSchemaLocation="https://maven.apache.org/surefire/maven-surefire-plugin/xsd/surefire-test-report.xsd" name="OnebookTests" time="0.861" tests="5" errors="3" skipped="0" failures="0">
  <properties>
[...]
</properties>
  <testcase name="testUploaded" classname="OnebookTests" time="0.451">
    <error message="D:\test.xls (系统找不到指定的文件。)" type="java.io.FileNotFoundException">java.io.FileNotFoundException: D:\test.xls (系统找不到指定的文件。)
	at OnebookTests.testUploaded(OnebookTests.java:401)
</error>
  </testcase>
  <testcase name="testZip" classname="OnebookTests" time="0">
    <error message="D:\test.xls (系统找不到指定的文件。)" type="java.io.FileNotFoundException">java.io.FileNotFoundException: D:\test.xls (系统找不到指定的文件。)
	at OnebookTests.testZip(OnebookTests.java:293)
</error>
  </testcase>
  <testcase name="testDate" classname="OnebookTests" time="0"/>
  <testcase name="testStream" classname="OnebookTests" time="0.001">
    <error message="D:\test.xls (系统找不到指定的文件。)" type="java.io.FileNotFoundException">java.io.FileNotFoundException: D:\test.xls (系统找不到指定的文件。)
	at OnebookTests.testStream(OnebookTests.java:347)
</error>
  </testcase>
  <testcase name="testItextPdf" classname="OnebookTests" time="0.347"/>
</testsuite>